<?xml version="1.0" encoding="UTF-8"?>
<testng-results ignored="0" total="1" passed="1" failed="0" skipped="0">
  <reporter-output>
  </reporter-output>
  <suite started-at="2025-01-29T19:53:19 BDT" name="Default suite" finished-at="2025-01-29T19:54:00 BDT" duration-ms="41626">
    <groups>
    </groups>
    <test started-at="2025-01-29T19:53:19 BDT" name="Default test" finished-at="2025-01-29T19:54:00 BDT" duration-ms="41626">
      <class name="com.bayzid.locator.nevigate">
        <test-method is-config="true" signature="startBrowser()[pri:0, instance:com.bayzid.locator.nevigate@76494737]" started-at="2025-01-29T19:53:16 BDT" name="startBrowser" finished-at="2025-01-29T19:53:19 BDT" duration-ms="2969" status="PASS">
          <reporter-output>
          </reporter-output>
        </test-method> <!-- startBrowser -->
        <test-method is-config="true" signature="getUrl()[pri:0, instance:com.bayzid.locator.nevigate@76494737]" started-at="2025-01-29T19:53:19 BDT" name="getUrl" finished-at="2025-01-29T19:53:20 BDT" duration-ms="1004" status="PASS">
          <reporter-output>
          </reporter-output>
        </test-method> <!-- getUrl -->
        <test-method signature="nevigateDemo()[pri:0, instance:com.bayzid.locator.nevigate@76494737]" started-at="2025-01-29T19:53:20 BDT" name="nevigateDemo" finished-at="2025-01-29T19:54:00 BDT" duration-ms="40532" status="PASS">
          <reporter-output>
          </reporter-output>
        </test-method> <!-- nevigateDemo -->
        <test-method is-config="true" signature="closeBrower()[pri:0, instance:com.bayzid.locator.nevigate@76494737]" started-at="2025-01-29T19:54:00 BDT" name="closeBrower" finished-at="2025-01-29T19:54:06 BDT" duration-ms="5344" status="PASS">
          <reporter-output>
          </reporter-output>
        </test-method> <!-- closeBrower -->
      </class> <!-- com.bayzid.locator.nevigate -->
    </test> <!-- Default test -->
  </suite> <!-- Default suite -->
</testng-results>
