<?xml version="1.0" encoding="UTF-8"?>
<testng-results ignored="0" total="2" passed="2" failed="0" skipped="0">
  <reporter-output>
  </reporter-output>
  <suite started-at="2025-01-31T11:24:05 BDT" name="Default suite" finished-at="2025-01-31T11:24:20 BDT" duration-ms="14236">
    <groups>
    </groups>
    <test started-at="2025-01-31T11:24:05 BDT" name="Default test" finished-at="2025-01-31T11:24:20 BDT" duration-ms="14236">
      <class name="com.bayzid.locator.someLocator">
        <test-method is-config="true" signature="startBrowser()[pri:0, instance:com.bayzid.locator.someLocator@1033576a]" started-at="2025-01-31T11:24:03 BDT" name="startBrowser" finished-at="2025-01-31T11:24:05 BDT" duration-ms="2945" status="PASS">
          <reporter-output>
          </reporter-output>
        </test-method> <!-- startBrowser -->
        <test-method signature="Some_locator()[pri:0, instance:com.bayzid.locator.someLocator@1033576a]" started-at="2025-01-31T11:24:06 BDT" name="Some_locator" finished-at="2025-01-31T11:24:18 BDT" duration-ms="12854" status="PASS">
          <reporter-output>
          </reporter-output>
        </test-method> <!-- Some_locator -->
        <test-method signature="SecondClass()[pri:1, instance:com.bayzid.locator.someLocator@1033576a]" started-at="2025-01-31T11:24:18 BDT" name="SecondClass" finished-at="2025-01-31T11:24:20 BDT" duration-ms="1288" status="PASS">
          <reporter-output>
          </reporter-output>
        </test-method> <!-- SecondClass -->
        <test-method is-config="true" signature="closeBrower()[pri:0, instance:com.bayzid.locator.someLocator@1033576a]" started-at="2025-01-31T11:24:20 BDT" name="closeBrower" finished-at="2025-01-31T11:24:25 BDT" duration-ms="5183" status="PASS">
          <reporter-output>
          </reporter-output>
        </test-method> <!-- closeBrower -->
      </class> <!-- com.bayzid.locator.someLocator -->
    </test> <!-- Default test -->
  </suite> <!-- Default suite -->
</testng-results>
